<?xml version="1.0" encoding="UTF-8"?>
<!-- Generated by org.testng.reporters.JUnitReportReporter -->
<testsuite hostname="LAPTOP-6IA09RRA" failures="0" tests="2" name="testcases.Verifyregistration" time="11.886" errors="0" timestamp="2025-03-26T11:52:38 IST" skipped="0">
  <testcase classname="testcases.Verifyregistration" name="verifyRegistrationwithBlankdata" time="5.821"/>
  <system-out/>
  <testcase classname="testcases.Verifyregistration" name="verifyRegistrationwithValiddata" time="6.065"/>
  <system-out/>
</testsuite> <!-- testcases.Verifyregistration -->
